<?xml version="1.0" encoding="UTF-8"?>
<!-- Generated by org.testng.reporters.JUnitReportReporter -->
<testsuite skipped="0" hostname="DESKTOP-5OR1JQH" name="demo.demoTest2312.SeleniumTest" tests="1" failures="0" timestamp="2019-12-23T22:36:53 IST" time="13.777" errors="0">
  <testcase name="setUp" time="13.777" classname="demo.demoTest2312.SeleniumTest"/>
</testsuite> <!-- demo.demoTest2312.SeleniumTest -->
